# JRE version: Java(TM) SE Runtime Environment (8.0_111-b14) (build 1.8.0_111-b14)
# Java VM: Java HotSpot(TM) 64-Bit Server VM (25.111-b14 mixed mode windows-amd64 compressed oops)
Heap:
 PSYoungGen      total 250880K, used 102257K [0x00000000e0f80000, 0x00000000f1e00000, 0x0000000100000000)
  eden space 236032K, 43% used [0x00000000e0f80000,0x00000000e735c560,0x00000000ef600000)
  from space 14848K, 0% used [0x00000000f0f80000,0x00000000f0f80000,0x00000000f1e00000)
  to   space 18432K, 0% used [0x00000000efa00000,0x00000000efa00000,0x00000000f0c00000)
 ParOldGen       total 80896K, used 25293K [0x00000000a2e00000, 0x00000000a7d00000, 0x00000000e0f80000)
  object space 80896K, 31% used [0x00000000a2e00000,0x00000000a46b36e0,0x00000000a7d00000)
 Metaspace       used 60613K, capacity 63416K, committed 63640K, reserved 1103872K
  class space    used 8259K, capacity 8770K, committed 8872K, reserved 1048576K
GC Heap History (10 events):
Event: 10.150 GC heap before
{Heap before GC invocations=12 (full 2):
 PSYoungGen      total 182784K, used 168960K [0x00000000e0f80000, 0x00000000f1e00000, 0x0000000100000000)
  eden space 168960K, 100% used [0x00000000e0f80000,0x00000000eb480000,0x00000000eb480000)
  from space 13824K, 0% used [0x00000000eb480000,0x00000000eb480000,0x00000000ec200000)
  to   space 14848K, 0% used [0x00000000f0f80000,0x00000000f0f80000,0x00000000f1e00000)
 ParOldGen       total 60928K, used 16969K [0x00000000a2e00000, 0x00000000a6980000, 0x00000000e0f80000)
  object space 60928K, 27% used [0x00000000a2e00000,0x00000000a3e925f0,0x00000000a6980000)
 Metaspace       used 50462K, capacity 52306K, committed 52648K, reserved 1095680K
  class space    used 6929K, capacity 7273K, committed 7336K, reserved 1048576K
Event: 10.176 GC heap after
Heap after GC invocations=12 (full 2):
 PSYoungGen      total 250880K, used 14846K [0x00000000e0f80000, 0x00000000f1e00000, 0x0000000100000000)
  eden space 236032K, 0% used [0x00000000e0f80000,0x00000000e0f80000,0x00000000ef600000)
  from space 14848K, 99% used [0x00000000f0f80000,0x00000000f1dff848,0x00000000f1e00000)
  to   space 18432K, 0% used [0x00000000efa00000,0x00000000efa00000,0x00000000f0c00000)
 ParOldGen       total 60928K, used 20511K [0x00000000a2e00000, 0x00000000a6980000, 0x00000000e0f80000)
  object space 60928K, 33% used [0x00000000a2e00000,0x00000000a4207da0,0x00000000a6980000)
 Metaspace       used 50462K, capacity 52306K, committed 52648K, reserved 1095680K
  class space    used 6929K, capacity 7273K, committed 7336K, reserved 1048576K
}
Event: 23.213 GC heap before
{Heap before GC invocations=13 (full 2):
 PSYoungGen      total 250880K, used 123495K [0x00000000e0f80000, 0x00000000f1e00000, 0x0000000100000000)
  eden space 236032K, 46% used [0x00000000e0f80000,0x00000000e799a7a8,0x00000000ef600000)
  from space 14848K, 99% used [0x00000000f0f80000,0x00000000f1dff848,0x00000000f1e00000)
  to   space 18432K, 0% used [0x00000000efa00000,0x00000000efa00000,0x00000000f0c00000)
 ParOldGen       total 60928K, used 20511K [0x00000000a2e00000, 0x00000000a6980000, 0x00000000e0f80000)
  object space 60928K, 33% used [0x00000000a2e00000,0x00000000a4207da0,0x00000000a6980000)
 Metaspace       used 56550K, capacity 59106K, committed 59160K, reserved 1099776K
  class space    used 7768K, capacity 8225K, committed 8232K, reserved 1048576K
Event: 23.237 GC heap after
Heap after GC invocations=13 (full 2):
 PSYoungGen      total 254464K, used 8136K [0x00000000e0f80000, 0x00000000f1e00000, 0x0000000100000000)
  eden space 236032K, 0% used [0x00000000e0f80000,0x00000000e0f80000,0x00000000ef600000)
  from space 18432K, 44% used [0x00000000efa00000,0x00000000f01f2328,0x00000000f0c00000)
  to   space 14848K, 0% used [0x00000000f0f80000,0x00000000f0f80000,0x00000000f1e00000)
 ParOldGen       total 60928K, used 25243K [0x00000000a2e00000, 0x00000000a6980000, 0x00000000e0f80000)
  object space 60928K, 41% used [0x00000000a2e00000,0x00000000a46a6c38,0x00000000a6980000)
 Metaspace       used 56550K, capacity 59106K, committed 59160K, reserved 1099776K
  class space    used 7768K, capacity 8225K, committed 8232K, reserved 1048576K
}
Event: 23.237 GC heap before
{Heap before GC invocations=14 (full 3):
 PSYoungGen      total 254464K, used 8136K [0x00000000e0f80000, 0x00000000f1e00000, 0x0000000100000000)
  eden space 236032K, 0% used [0x00000000e0f80000,0x00000000e0f80000,0x00000000ef600000)
  from space 18432K, 44% used [0x00000000efa00000,0x00000000f01f2328,0x00000000f0c00000)
  to   space 14848K, 0% used [0x00000000f0f80000,0x00000000f0f80000,0x00000000f1e00000)
 ParOldGen       total 60928K, used 25243K [0x00000000a2e00000, 0x00000000a6980000, 0x00000000e0f80000)
  object space 60928K, 41% used [0x00000000a2e00000,0x00000000a46a6c38,0x00000000a6980000)
 Metaspace       used 56550K, capacity 59106K, committed 59160K, reserved 1099776K
  class space    used 7768K, capacity 8225K, committed 8232K, reserved 1048576K
Event: 23.418 GC heap after
Heap after GC invocations=14 (full 3):
 PSYoungGen      total 254464K, used 0K [0x00000000e0f80000, 0x00000000f1e00000, 0x0000000100000000)
  eden space 236032K, 0% used [0x00000000e0f80000,0x00000000e0f80000,0x00000000ef600000)
  from space 18432K, 0% used [0x00000000efa00000,0x00000000efa00000,0x00000000f0c00000)
  to   space 14848K, 0% used [0x00000000f0f80000,0x00000000f0f80000,0x00000000f1e00000)
 ParOldGen       total 80896K, used 26707K [0x00000000a2e00000, 0x00000000a7d00000, 0x00000000e0f80000)
  object space 80896K, 33% used [0x00000000a2e00000,0x00000000a4814e68,0x00000000a7d00000)
 Metaspace       used 56550K, capacity 59106K, committed 59160K, reserved 1099776K
  class space    used 7768K, capacity 8225K, committed 8232K, reserved 1048576K
}
Event: 106.428 GC heap before
{Heap before GC invocations=15 (full 3):
 PSYoungGen      total 254464K, used 50508K [0x00000000e0f80000, 0x00000000f1e00000, 0x0000000100000000)
  eden space 236032K, 21% used [0x00000000e0f80000,0x00000000e40d30f8,0x00000000ef600000)
  from space 18432K, 0% used [0x00000000efa00000,0x00000000efa00000,0x00000000f0c00000)
  to   space 14848K, 0% used [0x00000000f0f80000,0x00000000f0f80000,0x00000000f1e00000)
 ParOldGen       total 80896K, used 26707K [0x00000000a2e00000, 0x00000000a7d00000, 0x00000000e0f80000)
  object space 80896K, 33% used [0x00000000a2e00000,0x00000000a4814e68,0x00000000a7d00000)
 Metaspace       used 60322K, capacity 63054K, committed 63384K, reserved 1103872K
  class space    used 8252K, capacity 8762K, committed 8872K, reserved 1048576K
Event: 106.433 GC heap after
Heap after GC invocations=15 (full 3):
 PSYoungGen      total 250880K, used 3705K [0x00000000e0f80000, 0x00000000f1e00000, 0x0000000100000000)
  eden space 236032K, 0% used [0x00000000e0f80000,0x00000000e0f80000,0x00000000ef600000)
  from space 14848K, 24% used [0x00000000f0f80000,0x00000000f131e4d8,0x00000000f1e00000)
  to   space 18432K, 0% used [0x00000000efa00000,0x00000000efa00000,0x00000000f0c00000)
 ParOldGen       total 80896K, used 26715K [0x00000000a2e00000, 0x00000000a7d00000, 0x00000000e0f80000)
  object space 80896K, 33% used [0x00000000a2e00000,0x00000000a4816e68,0x00000000a7d00000)
 Metaspace       used 60322K, capacity 63054K, committed 63384K, reserved 1103872K
  class space    used 8252K, capacity 8762K, committed 8872K, reserved 1048576K
}
Event: 106.433 GC heap before
{Heap before GC invocations=16 (full 4):
 PSYoungGen      total 250880K, used 3705K [0x00000000e0f80000, 0x00000000f1e00000, 0x0000000100000000)
  eden space 236032K, 0% used [0x00000000e0f80000,0x00000000e0f80000,0x00000000ef600000)
  from space 14848K, 24% used [0x00000000f0f80000,0x00000000f131e4d8,0x00000000f1e00000)
  to   space 18432K, 0% used [0x00000000efa00000,0x00000000efa00000,0x00000000f0c00000)
 ParOldGen       total 80896K, used 26715K [0x00000000a2e00000, 0x00000000a7d00000, 0x00000000e0f80000)
  object space 80896K, 33% used [0x00000000a2e00000,0x00000000a4816e68,0x00000000a7d00000)
 Metaspace       used 60322K, capacity 63054K, committed 63384K, reserved 1103872K
  class space    used 8252K, capacity 8762K, committed 8872K, reserved 1048576K
Event: 106.699 GC heap after
Heap after GC invocations=16 (full 4):
 PSYoungGen      total 250880K, used 0K [0x00000000e0f80000, 0x00000000f1e00000, 0x0000000100000000)
  eden space 236032K, 0% used [0x00000000e0f80000,0x00000000e0f80000,0x00000000ef600000)
  from space 14848K, 0% used [0x00000000f0f80000,0x00000000f0f80000,0x00000000f1e00000)
  to   space 18432K, 0% used [0x00000000efa00000,0x00000000efa00000,0x00000000f0c00000)
 ParOldGen       total 80896K, used 25293K [0x00000000a2e00000, 0x00000000a7d00000, 0x00000000e0f80000)
  object space 80896K, 31% used [0x00000000a2e00000,0x00000000a46b36e0,0x00000000a7d00000)
 Metaspace       used 60322K, capacity 63054K, committed 63384K, reserved 1103872K
  class space    used 8252K, capacity 8762K, committed 8872K, reserved 1048576K
}

